<?xml version="1.0" encoding="UTF-8"?>
<!-- Generated by org.testng.reporters.JUnitXMLReporter -->
<testsuite hostname="ARAVINDA-DELL-PERSONAL" ignored="2" name="GRP-kia,ford" tests="4" failures="0" timestamp="2021-03-27T21:48:36 IST" time="0.084" errors="0">
  <testcase name="fordFiasta" time="0.015" classname="com.intellipaat.testng.test.groups.Cars"/>
  <testcase name="fordFigo" time="0.002" classname="com.intellipaat.testng.test.groups.Cars"/>
  <testcase name="kiaCarnival" time="0.002" classname="com.intellipaat.testng.test.groups.Cars"/>
  <testcase name="kiaCeltos" time="0.001" classname="com.intellipaat.testng.test.groups.Cars"/>
  <testcase name="xuv500" time="0.0" classname="com.intellipaat.testng.test.groups.Cars">
    <ignored/>
  </testcase> <!-- xuv500 -->
  <testcase name="xuv300" time="0.0" classname="com.intellipaat.testng.test.groups.Cars">
    <ignored/>
  </testcase> <!-- xuv300 -->
</testsuite> <!-- GRP-kia,ford -->
