<?xml version="1.0" encoding="UTF-8"?>
<!-- Generated by org.testng.reporters.JUnitXMLReporter -->
<testsuite hostname="ARAVINDA-DELL-PERSONAL" ignored="2" name="Default test" tests="4" failures="0" timestamp="2021-03-27T21:50:07 IST" time="0.077" errors="0">
  <testcase name="kiaCarnival" time="0.015" classname="com.intellipaat.testng.test.groups.Cars"/>
  <testcase name="kiaCeltos" time="0.001" classname="com.intellipaat.testng.test.groups.Cars"/>
  <testcase name="xuv300" time="0.002" classname="com.intellipaat.testng.test.groups.Cars"/>
  <testcase name="xuv500" time="0.002" classname="com.intellipaat.testng.test.groups.Cars"/>
  <testcase name="fordFiasta" time="0.0" classname="com.intellipaat.testng.test.groups.Cars">
    <ignored/>
  </testcase> <!-- fordFiasta -->
  <testcase name="fordFigo" time="0.0" classname="com.intellipaat.testng.test.groups.Cars">
    <ignored/>
  </testcase> <!-- fordFigo -->
</testsuite> <!-- Default test -->
