<?xml version="1.0" encoding="UTF-8"?>
<!-- Generated by org.testng.reporters.JUnitXMLReporter -->
<testsuite hostname="ARAVINDA-DELL-PERSONAL" ignored="0" name="Helloworld test" tests="3" failures="0" timestamp="2021-03-27T20:36:15 IST" time="0.007" errors="0">
  <testcase name="createCutomer" time="0.001" classname="com.intellipaat.testng.HelloWorld"/>
  <testcase name="createProject" time="0.001" classname="com.intellipaat.testng.HelloWorld"/>
  <testcase name="createTask" time="0.001" classname="com.intellipaat.testng.HelloWorld"/>
</testsuite> <!-- Helloworld test -->
