<?xml version="1.0" encoding="UTF-8"?>
<!-- Generated by org.testng.reporters.JUnitXMLReporter -->
<testsuite hostname="ARAVINDA-DELL-PERSONAL" ignored="0" name="Priority test" tests="8" failures="0" timestamp="2021-03-27T20:36:15 IST" time="0.065" errors="0">
  <testcase name="launch" time="0.007" classname="com.intellipaat.testng.order.OrderOfExecutionDemo"/>
  <testcase name="login" time="0.002" classname="com.intellipaat.testng.order.OrderOfExecutionDemo"/>
  <testcase name="createCutomer" time="0.001" classname="com.intellipaat.testng.order.OrderOfExecutionDemo"/>
  <testcase name="logout" time="0.001" classname="com.intellipaat.testng.order.OrderOfExecutionDemo"/>
  <testcase name="launch1" time="0.001" classname="com.intellipaat.testng.order.PriorityDemo"/>
  <testcase name="login2" time="0.001" classname="com.intellipaat.testng.order.PriorityDemo"/>
  <testcase name="createCutomer3" time="0.001" classname="com.intellipaat.testng.order.PriorityDemo"/>
  <testcase name="logout4" time="0.001" classname="com.intellipaat.testng.order.PriorityDemo"/>
</testsuite> <!-- Priority test -->
